# Nmap 7.80 scan initiated Thu Dec 17 00:04:12 2020 as: nmap -A -sC -T4 -n -Pn -o nmap.out 140.115.59.7
Warning: 140.115.59.7 giving up on port because retransmission cap hit (6).
Nmap scan report for 140.115.59.7
Host is up (0.0098s latency).
Not shown: 913 closed ports, 83 filtered ports
PORT     STATE SERVICE    VERSION
22/tcp   open  ssh        OpenSSH 7.6p1 Ubuntu 4ubuntu0.3 (Ubuntu Linux; protocol 2.0)
| ssh-hostkey: 
|   2048 62:3d:0b:e1:a3:bb:22:30:bf:ae:ad:03:78:cd:c3:09 (RSA)
|   256 0c:37:11:eb:a0:26:04:e2:43:b5:2f:18:dc:e1:f2:99 (ECDSA)
|_  256 86:a3:c8:56:b2:a7:d0:fb:d0:ca:26:f9:79:d0:ad:e6 (ED25519)
80/tcp   open  http       nginx 1.14.0 (Ubuntu)
|_http-server-header: nginx/1.14.0 (Ubuntu)
|_http-title: Welcome to nginx!
443/tcp  open  ssl/http   nginx 1.14.0 (Ubuntu)
|_http-server-header: nginx/1.14.0 (Ubuntu)
|_http-title: Attack and Defense CTF
| ssl-cert: Subject: commonName=ctf.adl.tw
| Subject Alternative Name: DNS:ctf.adl.tw
| Not valid before: 2020-12-06T23:50:27
|_Not valid after:  2021-03-06T23:50:27
|_ssl-date: TLS randomness does not represent time
| tls-alpn: 
|_  http/1.1
| tls-nextprotoneg: 
|_  http/1.1
8000/tcp open  tcpwrapped
|_http-server-header: gunicorn/19.7.1
|_http-title: Attack and Defense CTF
Service Info: OS: Linux; CPE: cpe:/o:linux:linux_kernel

Service detection performed. Please report any incorrect results at https://nmap.org/submit/ .
# Nmap done at Thu Dec 17 00:05:05 2020 -- 1 IP address (1 host up) scanned in 52.71 seconds
